<?xml version="1.0" encoding="UTF-8"?>
<testsuite xmlns:xsi="http://www.w3.org/2001/XMLSchema-instance" xsi:noNamespaceSchemaLocation="https://maven.apache.org/surefire/maven-surefire-plugin/xsd/surefire-test-report.xsd" version="3.0.2" name="bgu.spl.mics.MessageBusImplTest" time="0.027" tests="11" errors="0" skipped="0" failures="0">
  <properties>
[...]
</properties>
  <testcase name="getInstance" classname="bgu.spl.mics.MessageBusImplTest" time="0.005"/>
  <testcase name="sendBroadcast" classname="bgu.spl.mics.MessageBusImplTest" time="0.002"/>
  <testcase name="register" classname="bgu.spl.mics.MessageBusImplTest" time="0.002"/>
  <testcase name="complete" classname="bgu.spl.mics.MessageBusImplTest" time="0.003"/>
  <testcase name="printSubscribers" classname="bgu.spl.mics.MessageBusImplTest" time="0.001">
    <system-out><![CDATA[Event Subscribers: {class bgu.spl.mics.application.messages.DetectObjectsEvent=[bgu.spl.mics.MessageBusImplTest$1@45752059]}
Broadcast Subscribers: {class bgu.spl.mics.application.messages.TickBroadcast=[bgu.spl.mics.MessageBusImplTest$2@34e9fd99]}
]]></system-out>
  </testcase>
  <testcase name="sendEvent" classname="bgu.spl.mics.MessageBusImplTest" time="0.004"/>
  <testcase name="subscribeBroadcast" classname="bgu.spl.mics.MessageBusImplTest" time="0.001"/>
  <testcase name="awaitMessage" classname="bgu.spl.mics.MessageBusImplTest" time="0.001"/>
  <testcase name="unregister" classname="bgu.spl.mics.MessageBusImplTest" time="0.001"/>
  <testcase name="setTimeServiceThread" classname="bgu.spl.mics.MessageBusImplTest" time="0.001"/>
  <testcase name="subscribeEvent" classname="bgu.spl.mics.MessageBusImplTest" time="0.001"/>
</testsuite>